\BOOKMARK [0][-]{chapter.1}{\376\377\0001\000\040\000H\000i\000e\000r\000a\000r\000c\000h\000i\000c\000a\000l\000\040\000I\000n\000d\000e\000x}{}% 1
\BOOKMARK [1][-]{section.1.1}{\376\377\0001\000.\0001\000\040\000C\000l\000a\000s\000s\000\040\000H\000i\000e\000r\000a\000r\000c\000h\000y}{chapter.1}% 2
\BOOKMARK [0][-]{chapter.2}{\376\377\0002\000\040\000C\000l\000a\000s\000s\000\040\000I\000n\000d\000e\000x}{}% 3
\BOOKMARK [1][-]{section.2.1}{\376\377\0002\000.\0001\000\040\000C\000l\000a\000s\000s\000\040\000L\000i\000s\000t}{chapter.2}% 4
\BOOKMARK [0][-]{chapter.3}{\376\377\0003\000\040\000F\000i\000l\000e\000\040\000I\000n\000d\000e\000x}{}% 5
\BOOKMARK [1][-]{section.3.1}{\376\377\0003\000.\0001\000\040\000F\000i\000l\000e\000\040\000L\000i\000s\000t}{chapter.3}% 6
\BOOKMARK [0][-]{chapter.4}{\376\377\0004\000\040\000C\000l\000a\000s\000s\000\040\000D\000o\000c\000u\000m\000e\000n\000t\000a\000t\000i\000o\000n}{}% 7
\BOOKMARK [1][-]{section.4.1}{\376\377\0004\000.\0001\000\040\000A\000a\000d\0004\000\040\000C\000l\000a\000s\000s\000\040\000R\000e\000f\000e\000r\000e\000n\000c\000e}{chapter.4}% 8
\BOOKMARK [2][-]{subsection.4.1.1}{\376\377\0004\000.\0001\000.\0001\000\040\000C\000o\000n\000s\000t\000r\000u\000c\000t\000o\000r\000\040\000\046\000\040\000D\000e\000s\000t\000r\000u\000c\000t\000o\000r\000\040\000D\000o\000c\000u\000m\000e\000n\000t\000a\000t\000i\000o\000n}{section.4.1}% 9
\BOOKMARK [3][-]{subsubsection.4.1.1.1}{\376\377\0004\000.\0001\000.\0001\000.\0001\000\040\000A\000a\000d\0004\000\050\000b\000o\000o\000l\000\040\000b\000\051}{subsection.4.1.1}% 10
\BOOKMARK [2][-]{subsection.4.1.2}{\376\377\0004\000.\0001\000.\0002\000\040\000M\000e\000m\000b\000e\000r\000\040\000F\000u\000n\000c\000t\000i\000o\000n\000\040\000D\000o\000c\000u\000m\000e\000n\000t\000a\000t\000i\000o\000n}{section.4.1}% 11
\BOOKMARK [3][-]{subsubsection.4.1.2.1}{\376\377\0004\000.\0001\000.\0002\000.\0001\000\040\000e\000n\000c\000o\000d\000e\000\050\000b\000o\000o\000l\000\040\000b\000\051\000\040\000o\000v\000e\000r\000r\000i\000d\000e}{subsection.4.1.2}% 12
\BOOKMARK [3][-]{subsubsection.4.1.2.2}{\376\377\0004\000.\0001\000.\0002\000.\0002\000\040\000g\000e\000t\000C\000S\000\050\000\051\000\040\000o\000v\000e\000r\000r\000i\000d\000e}{subsection.4.1.2}% 13
\BOOKMARK [3][-]{subsubsection.4.1.2.3}{\376\377\0004\000.\0001\000.\0002\000.\0003\000\040\000g\000e\000t\000D\000e\000s\000c\000r\000i\000p\000t\000o\000r\000\050\000\051\000\040\000o\000v\000e\000r\000r\000i\000d\000e}{subsection.4.1.2}% 14
\BOOKMARK [3][-]{subsubsection.4.1.2.4}{\376\377\0004\000.\0001\000.\0002\000.\0004\000\040\000r\000u\000n\000\050\000\051\000\040\000o\000v\000e\000r\000r\000i\000d\000e}{subsection.4.1.2}% 15
\BOOKMARK [2][-]{subsection.4.1.3}{\376\377\0004\000.\0001\000.\0003\000\040\000M\000e\000m\000b\000e\000r\000\040\000D\000a\000t\000a\000\040\000D\000o\000c\000u\000m\000e\000n\000t\000a\000t\000i\000o\000n}{section.4.1}% 16
\BOOKMARK [3][-]{subsubsection.4.1.3.1}{\376\377\0004\000.\0001\000.\0003\000.\0001\000\040\000C\000S}{subsection.4.1.3}% 17
\BOOKMARK [1][-]{section.4.2}{\376\377\0004\000.\0002\000\040\000B\000i\000t\000F\000l\000i\000p\000\040\000C\000l\000a\000s\000s\000\040\000R\000e\000f\000e\000r\000e\000n\000c\000e}{chapter.4}% 18
\BOOKMARK [2][-]{subsection.4.2.1}{\376\377\0004\000.\0002\000.\0001\000\040\000D\000e\000t\000a\000i\000l\000e\000d\000\040\000D\000e\000s\000c\000r\000i\000p\000t\000i\000o\000n}{section.4.2}% 19
\BOOKMARK [2][-]{subsection.4.2.2}{\376\377\0004\000.\0002\000.\0002\000\040\000C\000o\000n\000s\000t\000r\000u\000c\000t\000o\000r\000\040\000\046\000\040\000D\000e\000s\000t\000r\000u\000c\000t\000o\000r\000\040\000D\000o\000c\000u\000m\000e\000n\000t\000a\000t\000i\000o\000n}{section.4.2}% 20
\BOOKMARK [3][-]{subsubsection.4.2.2.1}{\376\377\0004\000.\0002\000.\0002\000.\0001\000\040\000B\000i\000t\000F\000l\000i\000p\000\050\000b\000o\000o\000l\000\040\000b\000\051}{subsection.4.2.2}% 21
\BOOKMARK [2][-]{subsection.4.2.3}{\376\377\0004\000.\0002\000.\0003\000\040\000M\000e\000m\000b\000e\000r\000\040\000F\000u\000n\000c\000t\000i\000o\000n\000\040\000D\000o\000c\000u\000m\000e\000n\000t\000a\000t\000i\000o\000n}{section.4.2}% 22
\BOOKMARK [3][-]{subsubsection.4.2.3.1}{\376\377\0004\000.\0002\000.\0003\000.\0001\000\040\000e\000n\000c\000o\000d\000e\000\050\000b\000o\000o\000l\000\040\000b\000\051\000\040\000o\000v\000e\000r\000r\000i\000d\000e}{subsection.4.2.3}% 23
\BOOKMARK [3][-]{subsubsection.4.2.3.2}{\376\377\0004\000.\0002\000.\0003\000.\0002\000\040\000g\000e\000t\000C\000S\000\050\000\051\000\040\000o\000v\000e\000r\000r\000i\000d\000e}{subsection.4.2.3}% 24
\BOOKMARK [3][-]{subsubsection.4.2.3.3}{\376\377\0004\000.\0002\000.\0003\000.\0003\000\040\000g\000e\000t\000D\000e\000s\000c\000r\000i\000p\000t\000o\000r\000\050\000\051\000\040\000o\000v\000e\000r\000r\000i\000d\000e}{subsection.4.2.3}% 25
\BOOKMARK [3][-]{subsubsection.4.2.3.4}{\376\377\0004\000.\0002\000.\0003\000.\0004\000\040\000r\000u\000n\000\050\000\051\000\040\000o\000v\000e\000r\000r\000i\000d\000e}{subsection.4.2.3}% 26
\BOOKMARK [2][-]{subsection.4.2.4}{\376\377\0004\000.\0002\000.\0004\000\040\000M\000e\000m\000b\000e\000r\000\040\000D\000a\000t\000a\000\040\000D\000o\000c\000u\000m\000e\000n\000t\000a\000t\000i\000o\000n}{section.4.2}% 27
\BOOKMARK [3][-]{subsubsection.4.2.4.1}{\376\377\0004\000.\0002\000.\0004\000.\0001\000\040\000C\000S}{subsection.4.2.4}% 28
\BOOKMARK [1][-]{section.4.3}{\376\377\0004\000.\0003\000\040\000C\000h\000a\000n\000n\000e\000l\000\040\000C\000l\000a\000s\000s\000\040\000R\000e\000f\000e\000r\000e\000n\000c\000e}{chapter.4}% 29
\BOOKMARK [2][-]{subsection.4.3.1}{\376\377\0004\000.\0003\000.\0001\000\040\000D\000e\000t\000a\000i\000l\000e\000d\000\040\000D\000e\000s\000c\000r\000i\000p\000t\000i\000o\000n}{section.4.3}% 30
\BOOKMARK [2][-]{subsection.4.3.2}{\376\377\0004\000.\0003\000.\0002\000\040\000C\000o\000n\000s\000t\000r\000u\000c\000t\000o\000r\000\040\000\046\000\040\000D\000e\000s\000t\000r\000u\000c\000t\000o\000r\000\040\000D\000o\000c\000u\000m\000e\000n\000t\000a\000t\000i\000o\000n}{section.4.3}% 31
\BOOKMARK [3][-]{subsubsection.4.3.2.1}{\376\377\0004\000.\0003\000.\0002\000.\0001\000\040\000C\000h\000a\000n\000n\000e\000l\000\050\000i\000n\000t\000\040\000n\000o\000d\000e\000i\000d\0000\000,\000\040\000i\000n\000t\000\040\000n\000o\000d\000e\000i\000d\0001\000,\000\040\000E\000r\000r\000o\000r\000\040\000*\000e\000\051}{subsection.4.3.2}% 32
\BOOKMARK [3][-]{subsubsection.4.3.2.2}{\376\377\0004\000.\0003\000.\0002\000.\0002\000\040\000\040\000C\000h\000a\000n\000n\000e\000l\000\050\000\051}{subsection.4.3.2}% 33
\BOOKMARK [2][-]{subsection.4.3.3}{\376\377\0004\000.\0003\000.\0003\000\040\000M\000e\000m\000b\000e\000r\000\040\000F\000u\000n\000c\000t\000i\000o\000n\000\040\000D\000o\000c\000u\000m\000e\000n\000t\000a\000t\000i\000o\000n}{section.4.3}% 34
\BOOKMARK [3][-]{subsubsection.4.3.3.1}{\376\377\0004\000.\0003\000.\0003\000.\0001\000\040\000d\000e\000b\000u\000g\000P\000r\000i\000n\000t\000\050\000\051}{subsection.4.3.3}% 35
\BOOKMARK [3][-]{subsubsection.4.3.3.2}{\376\377\0004\000.\0003\000.\0003\000.\0002\000\040\000g\000e\000t\000E\000r\000r\000o\000r\000\050\000\051}{subsection.4.3.3}% 36
\BOOKMARK [3][-]{subsubsection.4.3.3.3}{\376\377\0004\000.\0003\000.\0003\000.\0003\000\040\000g\000e\000t\000I\000d\000s\000\050\000\051}{subsection.4.3.3}% 37
\BOOKMARK [3][-]{subsubsection.4.3.3.4}{\376\377\0004\000.\0003\000.\0003\000.\0004\000\040\000m\000a\000t\000c\000h\000I\000d\000\050\000i\000n\000t\000\040\000n\000i\000d\0000\000,\000\040\000i\000n\000t\000\040\000n\000i\000d\0001\000\051}{subsection.4.3.3}% 38
\BOOKMARK [3][-]{subsubsection.4.3.3.5}{\376\377\0004\000.\0003\000.\0003\000.\0005\000\040\000m\000a\000t\000c\000h\000O\000n\000e\000G\000e\000t\000O\000t\000h\000e\000r\000\050\000i\000n\000t\000\040\000i\000d\000\051}{subsection.4.3.3}% 39
\BOOKMARK [1][-]{section.4.4}{\376\377\0004\000.\0004\000\040\000C\000o\000d\000e\000\040\000C\000l\000a\000s\000s\000\040\000R\000e\000f\000e\000r\000e\000n\000c\000e}{chapter.4}% 40
\BOOKMARK [2][-]{subsection.4.4.1}{\376\377\0004\000.\0004\000.\0001\000\040\000D\000e\000t\000a\000i\000l\000e\000d\000\040\000D\000e\000s\000c\000r\000i\000p\000t\000i\000o\000n}{section.4.4}% 41
\BOOKMARK [2][-]{subsection.4.4.2}{\376\377\0004\000.\0004\000.\0002\000\040\000C\000o\000n\000s\000t\000r\000u\000c\000t\000o\000r\000\040\000\046\000\040\000D\000e\000s\000t\000r\000u\000c\000t\000o\000r\000\040\000D\000o\000c\000u\000m\000e\000n\000t\000a\000t\000i\000o\000n}{section.4.4}% 42
\BOOKMARK [3][-]{subsubsection.4.4.2.1}{\376\377\0004\000.\0004\000.\0002\000.\0001\000\040\000C\000o\000d\000e\000\050\000b\000o\000o\000l\000\040\000b\000\051}{subsection.4.4.2}% 43
\BOOKMARK [3][-]{subsubsection.4.4.2.2}{\376\377\0004\000.\0004\000.\0002\000.\0002\000\040\000\040\000C\000o\000d\000e\000\050\000\051}{subsection.4.4.2}% 44
\BOOKMARK [2][-]{subsection.4.4.3}{\376\377\0004\000.\0004\000.\0003\000\040\000M\000e\000m\000b\000e\000r\000\040\000F\000u\000n\000c\000t\000i\000o\000n\000\040\000D\000o\000c\000u\000m\000e\000n\000t\000a\000t\000i\000o\000n}{section.4.4}% 45
\BOOKMARK [3][-]{subsubsection.4.4.3.1}{\376\377\0004\000.\0004\000.\0003\000.\0001\000\040\000a\000d\000d\000E\000r\000r\000o\000r\000\050\000E\000r\000r\000o\000r\000\040\000*\000e\000\051}{subsection.4.4.3}% 46
\BOOKMARK [3][-]{subsubsection.4.4.3.2}{\376\377\0004\000.\0004\000.\0003\000.\0002\000\040\000a\000p\000p\000l\000y\000C\000G\000T\000\050\000c\000o\000n\000s\000t\000\040\000c\000m\000a\000t\000\040\000g\000a\000t\000e\000,\000\040\000c\000o\000n\000s\000t\000\040\000s\000t\000d\000:\000:\000v\000e\000c\000t\000o\000r\000<\000\040\000u\000n\000s\000i\000g\000n\000e\000d\000\040\000>\000\040\000b\000\051}{subsection.4.4.3}% 47
\BOOKMARK [3][-]{subsubsection.4.4.3.3}{\376\377\0004\000.\0004\000.\0003\000.\0003\000\040\000a\000p\000p\000l\000y\000G\000T\000\050\000c\000o\000n\000s\000t\000\040\000c\000m\000a\000t\000\040\000g\000a\000t\000e\000,\000\040\000u\000n\000s\000i\000g\000n\000e\000d\000\040\000b\000\051}{subsection.4.4.3}% 48
\BOOKMARK [3][-]{subsubsection.4.4.3.4}{\376\377\0004\000.\0004\000.\0003\000.\0004\000\040\000c\000o\000n\000v\000e\000r\000t\000T\000o\000M\000i\000x\000e\000d\000\050\000\051}{subsection.4.4.3}% 49
\BOOKMARK [3][-]{subsubsection.4.4.3.5}{\376\377\0004\000.\0004\000.\0003\000.\0005\000\040\000d\000i\000s\000a\000b\000l\000e\000E\000r\000r\000o\000r\000D\000e\000l\000e\000t\000i\000o\000n\000\050\000\051}{subsection.4.4.3}% 50
\BOOKMARK [3][-]{subsubsection.4.4.3.6}{\376\377\0004\000.\0004\000.\0003\000.\0006\000\040\000e\000n\000c\000o\000d\000e\000\050\000b\000o\000o\000l\000\040\000b\000\051\000=\0000}{subsection.4.4.3}% 51
\BOOKMARK [3][-]{subsubsection.4.4.3.7}{\376\377\0004\000.\0004\000.\0003\000.\0007\000\040\000e\000r\000r\000o\000r\000\050\000\051}{subsection.4.4.3}% 52
\BOOKMARK [3][-]{subsubsection.4.4.3.8}{\376\377\0004\000.\0004\000.\0003\000.\0008\000\040\000g\000e\000t\000C\000S\000\050\000\051\000=\0000}{subsection.4.4.3}% 53
\BOOKMARK [3][-]{subsubsection.4.4.3.9}{\376\377\0004\000.\0004\000.\0003\000.\0009\000\040\000g\000e\000t\000D\000e\000s\000c\000r\000i\000p\000t\000o\000r\000\050\000\051\000=\0000}{subsection.4.4.3}% 54
\BOOKMARK [3][-]{subsubsection.4.4.3.10}{\376\377\0004\000.\0004\000.\0003\000.\0001\0000\000\040\000g\000e\000t\000M\000e\000s\000\050\000u\000n\000s\000i\000g\000n\000e\000d\000\040\000i\000\051}{subsection.4.4.3}% 55
\BOOKMARK [3][-]{subsubsection.4.4.3.11}{\376\377\0004\000.\0004\000.\0003\000.\0001\0001\000\040\000g\000e\000t\000O\000K\000\050\000\051}{subsection.4.4.3}% 56
\BOOKMARK [3][-]{subsubsection.4.4.3.12}{\376\377\0004\000.\0004\000.\0003\000.\0001\0002\000\040\000h\000a\000d\000a\000m\000a\000r\000d\000A\000l\000l\000C\000o\000d\000e\000B\000i\000t\000s\000\050\000\051}{subsection.4.4.3}% 57
\BOOKMARK [3][-]{subsubsection.4.4.3.13}{\376\377\0004\000.\0004\000.\0003\000.\0001\0003\000\040\000h\000a\000d\000a\000m\000a\000r\000d\000C\000o\000d\000e\000B\000i\000t\000s\000\050\000c\000o\000n\000s\000t\000\040\000s\000t\000d\000:\000:\000v\000e\000c\000t\000o\000r\000<\000\040\000u\000n\000s\000i\000g\000n\000e\000d\000\040\000>\000\040\000b\000\051}{subsection.4.4.3}% 58
\BOOKMARK [3][-]{subsubsection.4.4.3.14}{\376\377\0004\000.\0004\000.\0003\000.\0001\0004\000\040\000r\000u\000n\000\050\000\051\000=\0000}{subsection.4.4.3}% 59
\BOOKMARK [3][-]{subsubsection.4.4.3.15}{\376\377\0004\000.\0004\000.\0003\000.\0001\0005\000\040\000s\000e\000t\000a\000n\000d\000m\000e\000s\000A\000n\000c\000\050\000c\000o\000n\000s\000t\000\040\000s\000t\000d\000:\000:\000v\000e\000c\000t\000o\000r\000<\000\040\000u\000n\000s\000i\000g\000n\000e\000d\000\040\000>\000\040\000b\000,\000\040\000u\000n\000s\000i\000g\000n\000e\000d\000\040\000C\000S\000\051}{subsection.4.4.3}% 60
\BOOKMARK [3][-]{subsubsection.4.4.3.16}{\376\377\0004\000.\0004\000.\0003\000.\0001\0006\000\040\000s\000e\000t\000M\000i\000x\000e\000d\000\050\000\051}{subsection.4.4.3}% 61
\BOOKMARK [2][-]{subsection.4.4.4}{\376\377\0004\000.\0004\000.\0004\000\040\000F\000r\000i\000e\000n\000d\000s\000\040\000A\000n\000d\000\040\000R\000e\000l\000a\000t\000e\000d\000\040\000F\000u\000n\000c\000t\000i\000o\000n\000\040\000D\000o\000c\000u\000m\000e\000n\000t\000a\000t\000i\000o\000n}{section.4.4}% 62
\BOOKMARK [3][-]{subsubsection.4.4.4.1}{\376\377\0004\000.\0004\000.\0004\000.\0001\000\040\000E\000r\000r\000o\000r}{subsection.4.4.4}% 63
\BOOKMARK [2][-]{subsection.4.4.5}{\376\377\0004\000.\0004\000.\0005\000\040\000M\000e\000m\000b\000e\000r\000\040\000D\000a\000t\000a\000\040\000D\000o\000c\000u\000m\000e\000n\000t\000a\000t\000i\000o\000n}{section.4.4}% 64
\BOOKMARK [3][-]{subsubsection.4.4.5.1}{\376\377\0004\000.\0004\000.\0005\000.\0001\000\040\000c}{subsection.4.4.5}% 65
\BOOKMARK [3][-]{subsubsection.4.4.5.2}{\376\377\0004\000.\0004\000.\0005\000.\0002\000\040\000d}{subsection.4.4.5}% 66
\BOOKMARK [3][-]{subsubsection.4.4.5.3}{\376\377\0004\000.\0004\000.\0005\000.\0003\000\040\000d\000e\000l\000e\000t\000e\000E\000r\000r\000o\000r}{subsection.4.4.5}% 67
\BOOKMARK [3][-]{subsubsection.4.4.5.4}{\376\377\0004\000.\0004\000.\0005\000.\0004\000\040\000e\000r\000r\000o\000r\000C\000o\000u\000n\000t\000e\000r}{subsection.4.4.5}% 68
\BOOKMARK [3][-]{subsubsection.4.4.5.5}{\376\377\0004\000.\0004\000.\0005\000.\0005\000\040\000e\000r\000r\000o\000r\000l\000i\000s\000t}{subsection.4.4.5}% 69
\BOOKMARK [3][-]{subsubsection.4.4.5.6}{\376\377\0004\000.\0004\000.\0005\000.\0006\000\040\000i\000n\000p\000u\000t}{subsection.4.4.5}% 70
\BOOKMARK [3][-]{subsubsection.4.4.5.7}{\376\377\0004\000.\0004\000.\0005\000.\0007\000\040\000m\000i\000x\000e\000d}{subsection.4.4.5}% 71
\BOOKMARK [3][-]{subsubsection.4.4.5.8}{\376\377\0004\000.\0004\000.\0005\000.\0008\000\040\000o\000k}{subsection.4.4.5}% 72
\BOOKMARK [3][-]{subsubsection.4.4.5.9}{\376\377\0004\000.\0004\000.\0005\000.\0009\000\040\000r\000e\000s\000u\000l\000t}{subsection.4.4.5}% 73
\BOOKMARK [3][-]{subsubsection.4.4.5.10}{\376\377\0004\000.\0004\000.\0005\000.\0001\0000\000\040\000t\000h\000r\000e\000a\000d\000C\000o\000u\000n\000t\000e\000r}{subsection.4.4.5}% 74
\BOOKMARK [1][-]{section.4.5}{\376\377\0004\000.\0005\000\040\000C\000o\000d\000e\0005\000\040\000C\000l\000a\000s\000s\000\040\000R\000e\000f\000e\000r\000e\000n\000c\000e}{chapter.4}% 75
\BOOKMARK [2][-]{subsection.4.5.1}{\376\377\0004\000.\0005\000.\0001\000\040\000D\000e\000t\000a\000i\000l\000e\000d\000\040\000D\000e\000s\000c\000r\000i\000p\000t\000i\000o\000n}{section.4.5}% 76
\BOOKMARK [2][-]{subsection.4.5.2}{\376\377\0004\000.\0005\000.\0002\000\040\000C\000o\000n\000s\000t\000r\000u\000c\000t\000o\000r\000\040\000\046\000\040\000D\000e\000s\000t\000r\000u\000c\000t\000o\000r\000\040\000D\000o\000c\000u\000m\000e\000n\000t\000a\000t\000i\000o\000n}{section.4.5}% 77
\BOOKMARK [3][-]{subsubsection.4.5.2.1}{\376\377\0004\000.\0005\000.\0002\000.\0001\000\040\000C\000o\000d\000e\0005\000\050\000b\000o\000o\000l\000\040\000b\000\051}{subsection.4.5.2}% 78
\BOOKMARK [2][-]{subsection.4.5.3}{\376\377\0004\000.\0005\000.\0003\000\040\000M\000e\000m\000b\000e\000r\000\040\000F\000u\000n\000c\000t\000i\000o\000n\000\040\000D\000o\000c\000u\000m\000e\000n\000t\000a\000t\000i\000o\000n}{section.4.5}% 79
\BOOKMARK [3][-]{subsubsection.4.5.3.1}{\376\377\0004\000.\0005\000.\0003\000.\0001\000\040\000e\000n\000c\000o\000d\000e\000\050\000b\000o\000o\000l\000\040\000b\000\051\000\040\000o\000v\000e\000r\000r\000i\000d\000e}{subsection.4.5.3}% 80
\BOOKMARK [3][-]{subsubsection.4.5.3.2}{\376\377\0004\000.\0005\000.\0003\000.\0002\000\040\000g\000e\000t\000C\000S\000\050\000\051\000\040\000o\000v\000e\000r\000r\000i\000d\000e}{subsection.4.5.3}% 81
\BOOKMARK [3][-]{subsubsection.4.5.3.3}{\376\377\0004\000.\0005\000.\0003\000.\0003\000\040\000g\000e\000t\000D\000e\000s\000c\000r\000i\000p\000t\000o\000r\000\050\000\051\000\040\000o\000v\000e\000r\000r\000i\000d\000e}{subsection.4.5.3}% 82
\BOOKMARK [3][-]{subsubsection.4.5.3.4}{\376\377\0004\000.\0005\000.\0003\000.\0004\000\040\000r\000u\000n\000\050\000\051\000\040\000o\000v\000e\000r\000r\000i\000d\000e}{subsection.4.5.3}% 83
\BOOKMARK [3][-]{subsubsection.4.5.3.5}{\376\377\0004\000.\0005\000.\0003\000.\0005\000\040\000t\000e\000s\000t\000E\000r\000r\000o\000r\000\050\000\051}{subsection.4.5.3}% 84
\BOOKMARK [2][-]{subsection.4.5.4}{\376\377\0004\000.\0005\000.\0004\000\040\000M\000e\000m\000b\000e\000r\000\040\000D\000a\000t\000a\000\040\000D\000o\000c\000u\000m\000e\000n\000t\000a\000t\000i\000o\000n}{section.4.5}% 85
\BOOKMARK [3][-]{subsubsection.4.5.4.1}{\376\377\0004\000.\0005\000.\0004\000.\0001\000\040\000C\000S}{subsection.4.5.4}% 86
\BOOKMARK [1][-]{section.4.6}{\376\377\0004\000.\0006\000\040\000E\000r\000r\000o\000r\000\040\000C\000l\000a\000s\000s\000\040\000R\000e\000f\000e\000r\000e\000n\000c\000e}{chapter.4}% 87
\BOOKMARK [2][-]{subsection.4.6.1}{\376\377\0004\000.\0006\000.\0001\000\040\000D\000e\000t\000a\000i\000l\000e\000d\000\040\000D\000e\000s\000c\000r\000i\000p\000t\000i\000o\000n}{section.4.6}% 88
\BOOKMARK [2][-]{subsection.4.6.2}{\376\377\0004\000.\0006\000.\0002\000\040\000C\000o\000n\000s\000t\000r\000u\000c\000t\000o\000r\000\040\000\046\000\040\000D\000e\000s\000t\000r\000u\000c\000t\000o\000r\000\040\000D\000o\000c\000u\000m\000e\000n\000t\000a\000t\000i\000o\000n}{section.4.6}% 89
\BOOKMARK [3][-]{subsubsection.4.6.2.1}{\376\377\0004\000.\0006\000.\0002\000.\0001\000\040\000E\000r\000r\000o\000r\000\050\000i\000n\000t\000\040\000e\000r\000r\000t\000\051}{subsection.4.6.2}% 90
\BOOKMARK [3][-]{subsubsection.4.6.2.2}{\376\377\0004\000.\0006\000.\0002\000.\0002\000\040\000E\000r\000r\000o\000r\000\050\000u\000n\000s\000i\000g\000n\000e\000d\000\040\000b\000i\000t\000,\000\040\000i\000n\000t\000\040\000e\000r\000r\000t\000\051}{subsection.4.6.2}% 91
\BOOKMARK [2][-]{subsection.4.6.3}{\376\377\0004\000.\0006\000.\0003\000\040\000M\000e\000m\000b\000e\000r\000\040\000F\000u\000n\000c\000t\000i\000o\000n\000\040\000D\000o\000c\000u\000m\000e\000n\000t\000a\000t\000i\000o\000n}{section.4.6}% 92
\BOOKMARK [3][-]{subsubsection.4.6.3.1}{\376\377\0004\000.\0006\000.\0003\000.\0001\000\040\000g\000e\000t\000E\000r\000r\000o\000r\000\050\000\051}{subsection.4.6.3}% 93
\BOOKMARK [3][-]{subsubsection.4.6.3.2}{\376\377\0004\000.\0006\000.\0003\000.\0002\000\040\000r\000u\000n\000E\000r\000r\000o\000r\000\050\000C\000o\000d\000e\000\040\000*\000c\000o\000d\000e\000\051}{subsection.4.6.3}% 94
\BOOKMARK [3][-]{subsubsection.4.6.3.3}{\376\377\0004\000.\0006\000.\0003\000.\0003\000\040\000r\000u\000n\000E\000r\000r\000o\000r\000O\000n\000e\000B\000i\000t\000\050\000C\000o\000d\000e\000\040\000*\000c\000o\000d\000e\000,\000\040\000u\000n\000s\000i\000g\000n\000e\000d\000\040\000i\000n\000d\000e\000x\000\051}{subsection.4.6.3}% 95
\BOOKMARK [3][-]{subsubsection.4.6.3.4}{\376\377\0004\000.\0006\000.\0003\000.\0004\000\040\000s\000e\000t\000E\000r\000r\000o\000r\000\050\000u\000n\000s\000i\000g\000n\000e\000d\000\040\000x\000,\000\040\000u\000n\000s\000i\000g\000n\000e\000d\000\040\000y\000,\000\040\000u\000n\000s\000i\000g\000n\000e\000d\000\040\000z\000\051}{subsection.4.6.3}% 96
\BOOKMARK [3][-]{subsubsection.4.6.3.5}{\376\377\0004\000.\0006\000.\0003\000.\0005\000\040\000s\000e\000t\000E\000r\000r\000o\000r\000\050\000d\000o\000u\000b\000l\000e\000\040\000a\000d\000c\000g\000\051}{subsection.4.6.3}% 97
\BOOKMARK [2][-]{subsection.4.6.4}{\376\377\0004\000.\0006\000.\0004\000\040\000M\000e\000m\000b\000e\000r\000\040\000D\000a\000t\000a\000\040\000D\000o\000c\000u\000m\000e\000n\000t\000a\000t\000i\000o\000n}{section.4.6}% 98
\BOOKMARK [3][-]{subsubsection.4.6.4.1}{\376\377\0004\000.\0006\000.\0004\000.\0001\000\040\000A\000D\000C}{subsection.4.6.4}% 99
\BOOKMARK [3][-]{subsubsection.4.6.4.2}{\376\377\0004\000.\0006\000.\0004\000.\0002\000\040\000C\000O\000N\000S\000T}{subsection.4.6.4}% 100
\BOOKMARK [3][-]{subsubsection.4.6.4.3}{\376\377\0004\000.\0006\000.\0004\000.\0003\000\040\000R\000A\000N\000D}{subsection.4.6.4}% 101
\BOOKMARK [1][-]{section.4.7}{\376\377\0004\000.\0007\000\040\000N\000e\000t\000w\000o\000r\000k\000\040\000C\000l\000a\000s\000s\000\040\000R\000e\000f\000e\000r\000e\000n\000c\000e}{chapter.4}% 102
\BOOKMARK [2][-]{subsection.4.7.1}{\376\377\0004\000.\0007\000.\0001\000\040\000D\000e\000t\000a\000i\000l\000e\000d\000\040\000D\000e\000s\000c\000r\000i\000p\000t\000i\000o\000n}{section.4.7}% 103
\BOOKMARK [2][-]{subsection.4.7.2}{\376\377\0004\000.\0007\000.\0002\000\040\000C\000o\000n\000s\000t\000r\000u\000c\000t\000o\000r\000\040\000\046\000\040\000D\000e\000s\000t\000r\000u\000c\000t\000o\000r\000\040\000D\000o\000c\000u\000m\000e\000n\000t\000a\000t\000i\000o\000n}{section.4.7}% 104
\BOOKMARK [3][-]{subsubsection.4.7.2.1}{\376\377\0004\000.\0007\000.\0002\000.\0001\000\040\000N\000e\000t\000w\000o\000r\000k\000\050\000i\000n\000t\000\040\000t\000y\000p\000e\000,\000\040\000u\000n\000s\000i\000g\000n\000e\000d\000\040\000m\000a\000x\000n\000u\000m\000t\000h\000r\000e\000a\000d\000s\000,\000\040\000s\000t\000d\000:\000:\000s\000t\000r\000i\000n\000g\000\040\000f\000i\000l\000e\000n\000a\000m\000e\000,\000\040\000i\000n\000t\000\040\000n\000\051}{subsection.4.7.2}% 105
\BOOKMARK [3][-]{subsubsection.4.7.2.2}{\376\377\0004\000.\0007\000.\0002\000.\0002\000\040\000\040\000N\000e\000t\000w\000o\000r\000k\000\050\000\051}{subsection.4.7.2}% 106
\BOOKMARK [2][-]{subsection.4.7.3}{\376\377\0004\000.\0007\000.\0003\000\040\000M\000e\000m\000b\000e\000r\000\040\000F\000u\000n\000c\000t\000i\000o\000n\000\040\000D\000o\000c\000u\000m\000e\000n\000t\000a\000t\000i\000o\000n}{section.4.7}% 107
\BOOKMARK [3][-]{subsubsection.4.7.3.1}{\376\377\0004\000.\0007\000.\0003\000.\0001\000\040\000g\000e\000t\000R\000e\000s\000u\000l\000t\000\050\000\051\000\040\000o\000v\000e\000r\000r\000i\000d\000e}{subsection.4.7.3}% 108
\BOOKMARK [3][-]{subsubsection.4.7.3.2}{\376\377\0004\000.\0007\000.\0003\000.\0002\000\040\000i\000n\000i\000t\000a\000l\000i\000z\000e\000\050\000\051\000\040\000o\000v\000e\000r\000r\000i\000d\000e}{subsection.4.7.3}% 109
\BOOKMARK [3][-]{subsubsection.4.7.3.3}{\376\377\0004\000.\0007\000.\0003\000.\0003\000\040\000r\000u\000n\000A\000l\000l\000\050\000\051}{subsection.4.7.3}% 110
\BOOKMARK [1][-]{section.4.8}{\376\377\0004\000.\0008\000\040\000N\000o\000d\000e\000\040\000C\000l\000a\000s\000s\000\040\000R\000e\000f\000e\000r\000e\000n\000c\000e}{chapter.4}% 111
\BOOKMARK [2][-]{subsection.4.8.1}{\376\377\0004\000.\0008\000.\0001\000\040\000D\000e\000t\000a\000i\000l\000e\000d\000\040\000D\000e\000s\000c\000r\000i\000p\000t\000i\000o\000n}{section.4.8}% 112
\BOOKMARK [2][-]{subsection.4.8.2}{\376\377\0004\000.\0008\000.\0002\000\040\000C\000o\000n\000s\000t\000r\000u\000c\000t\000o\000r\000\040\000\046\000\040\000D\000e\000s\000t\000r\000u\000c\000t\000o\000r\000\040\000D\000o\000c\000u\000m\000e\000n\000t\000a\000t\000i\000o\000n}{section.4.8}% 113
\BOOKMARK [3][-]{subsubsection.4.8.2.1}{\376\377\0004\000.\0008\000.\0002\000.\0001\000\040\000N\000o\000d\000e\000\050\000s\000t\000d\000:\000:\000s\000t\000r\000i\000n\000g\000\040\000n\000\051}{subsection.4.8.2}% 114
\BOOKMARK [2][-]{subsection.4.8.3}{\376\377\0004\000.\0008\000.\0003\000\040\000M\000e\000m\000b\000e\000r\000\040\000F\000u\000n\000c\000t\000i\000o\000n\000\040\000D\000o\000c\000u\000m\000e\000n\000t\000a\000t\000i\000o\000n}{section.4.8}% 115
\BOOKMARK [3][-]{subsubsection.4.8.3.1}{\376\377\0004\000.\0008\000.\0003\000.\0001\000\040\000g\000e\000t\000I\000d\000\050\000\051}{subsection.4.8.3}% 116
\BOOKMARK [3][-]{subsubsection.4.8.3.2}{\376\377\0004\000.\0008\000.\0003\000.\0002\000\040\000g\000e\000t\000N\000a\000m\000e\000\050\000\051}{subsection.4.8.3}% 117
\BOOKMARK [1][-]{section.4.9}{\376\377\0004\000.\0009\000\040\000N\000o\000n\000e\000\040\000C\000l\000a\000s\000s\000\040\000R\000e\000f\000e\000r\000e\000n\000c\000e}{chapter.4}% 118
\BOOKMARK [2][-]{subsection.4.9.1}{\376\377\0004\000.\0009\000.\0001\000\040\000D\000e\000t\000a\000i\000l\000e\000d\000\040\000D\000e\000s\000c\000r\000i\000p\000t\000i\000o\000n}{section.4.9}% 119
\BOOKMARK [2][-]{subsection.4.9.2}{\376\377\0004\000.\0009\000.\0002\000\040\000C\000o\000n\000s\000t\000r\000u\000c\000t\000o\000r\000\040\000\046\000\040\000D\000e\000s\000t\000r\000u\000c\000t\000o\000r\000\040\000D\000o\000c\000u\000m\000e\000n\000t\000a\000t\000i\000o\000n}{section.4.9}% 120
\BOOKMARK [3][-]{subsubsection.4.9.2.1}{\376\377\0004\000.\0009\000.\0002\000.\0001\000\040\000N\000o\000n\000e\000\050\000b\000o\000o\000l\000\040\000b\000\051}{subsection.4.9.2}% 121
\BOOKMARK [2][-]{subsection.4.9.3}{\376\377\0004\000.\0009\000.\0003\000\040\000M\000e\000m\000b\000e\000r\000\040\000F\000u\000n\000c\000t\000i\000o\000n\000\040\000D\000o\000c\000u\000m\000e\000n\000t\000a\000t\000i\000o\000n}{section.4.9}% 122
\BOOKMARK [3][-]{subsubsection.4.9.3.1}{\376\377\0004\000.\0009\000.\0003\000.\0001\000\040\000e\000n\000c\000o\000d\000e\000\050\000b\000o\000o\000l\000\040\000b\000\051\000\040\000o\000v\000e\000r\000r\000i\000d\000e}{subsection.4.9.3}% 123
\BOOKMARK [3][-]{subsubsection.4.9.3.2}{\376\377\0004\000.\0009\000.\0003\000.\0002\000\040\000g\000e\000t\000C\000S\000\050\000\051\000\040\000o\000v\000e\000r\000r\000i\000d\000e}{subsection.4.9.3}% 124
\BOOKMARK [3][-]{subsubsection.4.9.3.3}{\376\377\0004\000.\0009\000.\0003\000.\0003\000\040\000g\000e\000t\000D\000e\000s\000c\000r\000i\000p\000t\000o\000r\000\050\000\051\000\040\000o\000v\000e\000r\000r\000i\000d\000e}{subsection.4.9.3}% 125
\BOOKMARK [3][-]{subsubsection.4.9.3.4}{\376\377\0004\000.\0009\000.\0003\000.\0004\000\040\000r\000u\000n\000\050\000\051\000\040\000o\000v\000e\000r\000r\000i\000d\000e}{subsection.4.9.3}% 126
\BOOKMARK [2][-]{subsection.4.9.4}{\376\377\0004\000.\0009\000.\0004\000\040\000M\000e\000m\000b\000e\000r\000\040\000D\000a\000t\000a\000\040\000D\000o\000c\000u\000m\000e\000n\000t\000a\000t\000i\000o\000n}{section.4.9}% 127
\BOOKMARK [3][-]{subsubsection.4.9.4.1}{\376\377\0004\000.\0009\000.\0004\000.\0001\000\040\000C\000S}{subsection.4.9.4}% 128
\BOOKMARK [1][-]{section.4.10}{\376\377\0004\000.\0001\0000\000\040\000R\000u\000n\000a\000b\000l\000e\000\040\000C\000l\000a\000s\000s\000\040\000R\000e\000f\000e\000r\000e\000n\000c\000e}{chapter.4}% 129
\BOOKMARK [2][-]{subsection.4.10.1}{\376\377\0004\000.\0001\0000\000.\0001\000\040\000D\000e\000t\000a\000i\000l\000e\000d\000\040\000D\000e\000s\000c\000r\000i\000p\000t\000i\000o\000n}{section.4.10}% 130
\BOOKMARK [2][-]{subsection.4.10.2}{\376\377\0004\000.\0001\0000\000.\0002\000\040\000C\000o\000n\000s\000t\000r\000u\000c\000t\000o\000r\000\040\000\046\000\040\000D\000e\000s\000t\000r\000u\000c\000t\000o\000r\000\040\000D\000o\000c\000u\000m\000e\000n\000t\000a\000t\000i\000o\000n}{section.4.10}% 131
\BOOKMARK [3][-]{subsubsection.4.10.2.1}{\376\377\0004\000.\0001\0000\000.\0002\000.\0001\000\040\000R\000u\000n\000a\000b\000l\000e\000\050\000i\000n\000t\000\040\000t\000y\000p\000e\000,\000\040\000u\000n\000s\000i\000g\000n\000e\000d\000\040\000m\000a\000x\000n\000u\000m\000t\000h\000r\000e\000a\000d\000s\000\051}{subsection.4.10.2}% 132
\BOOKMARK [3][-]{subsubsection.4.10.2.2}{\376\377\0004\000.\0001\0000\000.\0002\000.\0002\000\040\000\040\000R\000u\000n\000a\000b\000l\000e\000\050\000\051}{subsection.4.10.2}% 133
\BOOKMARK [2][-]{subsection.4.10.3}{\376\377\0004\000.\0001\0000\000.\0003\000\040\000M\000e\000m\000b\000e\000r\000\040\000F\000u\000n\000c\000t\000i\000o\000n\000\040\000D\000o\000c\000u\000m\000e\000n\000t\000a\000t\000i\000o\000n}{section.4.10}% 134
\BOOKMARK [3][-]{subsubsection.4.10.3.1}{\376\377\0004\000.\0001\0000\000.\0003\000.\0001\000\040\000g\000e\000t\000C\000o\000d\000e\000T\000y\000p\000e\000\050\000\051}{subsection.4.10.3}% 135
\BOOKMARK [3][-]{subsubsection.4.10.3.2}{\376\377\0004\000.\0001\0000\000.\0003\000.\0002\000\040\000g\000e\000t\000R\000e\000s\000u\000l\000t\000\050\000\051\000=\0000}{subsection.4.10.3}% 136
\BOOKMARK [3][-]{subsubsection.4.10.3.3}{\376\377\0004\000.\0001\0000\000.\0003\000.\0003\000\040\000i\000n\000i\000t\000a\000l\000i\000z\000e\000\050\000\051\000=\0000}{subsection.4.10.3}% 137
\BOOKMARK [3][-]{subsubsection.4.10.3.4}{\376\377\0004\000.\0001\0000\000.\0003\000.\0004\000\040\000r\000u\000n\000\050\000\051}{subsection.4.10.3}% 138
\BOOKMARK [3][-]{subsubsection.4.10.3.5}{\376\377\0004\000.\0001\0000\000.\0003\000.\0005\000\040\000s\000e\000t\000C\000o\000d\000e\000T\000y\000p\000e\000\050\000i\000n\000t\000\040\000t\000\051}{subsection.4.10.3}% 139
\BOOKMARK [2][-]{subsection.4.10.4}{\376\377\0004\000.\0001\0000\000.\0004\000\040\000M\000e\000m\000b\000e\000r\000\040\000D\000a\000t\000a\000\040\000D\000o\000c\000u\000m\000e\000n\000t\000a\000t\000i\000o\000n}{section.4.10}% 140
\BOOKMARK [3][-]{subsubsection.4.10.4.1}{\376\377\0004\000.\0001\0000\000.\0004\000.\0001\000\040\000A\000A\000D\0004}{subsection.4.10.4}% 141
\BOOKMARK [3][-]{subsubsection.4.10.4.2}{\376\377\0004\000.\0001\0000\000.\0004\000.\0002\000\040\000B\000I\000T\000F\000L\000I\000P}{subsection.4.10.4}% 142
\BOOKMARK [3][-]{subsubsection.4.10.4.3}{\376\377\0004\000.\0001\0000\000.\0004\000.\0003\000\040\000C\000O\000D\000E\0005}{subsection.4.10.4}% 143
\BOOKMARK [3][-]{subsubsection.4.10.4.4}{\376\377\0004\000.\0001\0000\000.\0004\000.\0004\000\040\000N\000O\000N\000E}{subsection.4.10.4}% 144
\BOOKMARK [3][-]{subsubsection.4.10.4.5}{\376\377\0004\000.\0001\0000\000.\0004\000.\0005\000\040\000r\000u\000n\000n\000e\000r}{subsection.4.10.4}% 145
\BOOKMARK [3][-]{subsubsection.4.10.4.6}{\376\377\0004\000.\0001\0000\000.\0004\000.\0006\000\040\000S\000H\000O\000R}{subsection.4.10.4}% 146
\BOOKMARK [3][-]{subsubsection.4.10.4.7}{\376\377\0004\000.\0001\0000\000.\0004\000.\0007\000\040\000S\000T\000E\000A\000N\000E}{subsection.4.10.4}% 147
\BOOKMARK [1][-]{section.4.11}{\376\377\0004\000.\0001\0001\000\040\000R\000u\000n\000n\000e\000r\000\040\000C\000l\000a\000s\000s\000\040\000R\000e\000f\000e\000r\000e\000n\000c\000e}{chapter.4}% 148
\BOOKMARK [2][-]{subsection.4.11.1}{\376\377\0004\000.\0001\0001\000.\0001\000\040\000D\000e\000t\000a\000i\000l\000e\000d\000\040\000D\000e\000s\000c\000r\000i\000p\000t\000i\000o\000n}{section.4.11}% 149
\BOOKMARK [2][-]{subsection.4.11.2}{\376\377\0004\000.\0001\0001\000.\0002\000\040\000C\000o\000n\000s\000t\000r\000u\000c\000t\000o\000r\000\040\000\046\000\040\000D\000e\000s\000t\000r\000u\000c\000t\000o\000r\000\040\000D\000o\000c\000u\000m\000e\000n\000t\000a\000t\000i\000o\000n}{section.4.11}% 150
\BOOKMARK [3][-]{subsubsection.4.11.2.1}{\376\377\0004\000.\0001\0001\000.\0002\000.\0001\000\040\000R\000u\000n\000n\000e\000r\000\050\000u\000n\000s\000i\000g\000n\000e\000d\000\040\000m\000a\000x\000n\000u\000m\000t\000h\000r\000e\000a\000d\000s\000\051}{subsection.4.11.2}% 151
\BOOKMARK [3][-]{subsubsection.4.11.2.2}{\376\377\0004\000.\0001\0001\000.\0002\000.\0002\000\040\000\040\000R\000u\000n\000n\000e\000r\000\050\000\051}{subsection.4.11.2}% 152
\BOOKMARK [2][-]{subsection.4.11.3}{\376\377\0004\000.\0001\0001\000.\0003\000\040\000M\000e\000m\000b\000e\000r\000\040\000F\000u\000n\000c\000t\000i\000o\000n\000\040\000D\000o\000c\000u\000m\000e\000n\000t\000a\000t\000i\000o\000n}{section.4.11}% 153
\BOOKMARK [3][-]{subsubsection.4.11.3.1}{\376\377\0004\000.\0001\0001\000.\0003\000.\0001\000\040\000a\000d\000d\000C\000o\000d\000e\000\050\000C\000o\000d\000e\000\040\000*\000c\000\051}{subsection.4.11.3}% 154
\BOOKMARK [3][-]{subsubsection.4.11.3.2}{\376\377\0004\000.\0001\0001\000.\0003\000.\0002\000\040\000g\000e\000t\000B\000E\000R\000\050\000\051}{subsection.4.11.3}% 155
\BOOKMARK [3][-]{subsubsection.4.11.3.3}{\376\377\0004\000.\0001\0001\000.\0003\000.\0003\000\040\000r\000e\000s\000e\000t\000\050\000\051}{subsection.4.11.3}% 156
\BOOKMARK [3][-]{subsubsection.4.11.3.4}{\376\377\0004\000.\0001\0001\000.\0003\000.\0004\000\040\000r\000u\000n\000\050\000\051}{subsection.4.11.3}% 157
\BOOKMARK [1][-]{section.4.12}{\376\377\0004\000.\0001\0002\000\040\000S\000h\000o\000r\000\040\000C\000l\000a\000s\000s\000\040\000R\000e\000f\000e\000r\000e\000n\000c\000e}{chapter.4}% 158
\BOOKMARK [2][-]{subsection.4.12.1}{\376\377\0004\000.\0001\0002\000.\0001\000\040\000D\000e\000t\000a\000i\000l\000e\000d\000\040\000D\000e\000s\000c\000r\000i\000p\000t\000i\000o\000n}{section.4.12}% 159
\BOOKMARK [2][-]{subsection.4.12.2}{\376\377\0004\000.\0001\0002\000.\0002\000\040\000M\000e\000m\000b\000e\000r\000\040\000T\000y\000p\000e\000d\000e\000f\000\040\000D\000o\000c\000u\000m\000e\000n\000t\000a\000t\000i\000o\000n}{section.4.12}% 160
\BOOKMARK [3][-]{subsubsection.4.12.2.1}{\376\377\0004\000.\0001\0002\000.\0002\000.\0001\000\040\000s\000u\000p\000e\000r}{subsection.4.12.2}% 161
\BOOKMARK [2][-]{subsection.4.12.3}{\376\377\0004\000.\0001\0002\000.\0003\000\040\000C\000o\000n\000s\000t\000r\000u\000c\000t\000o\000r\000\040\000\046\000\040\000D\000e\000s\000t\000r\000u\000c\000t\000o\000r\000\040\000D\000o\000c\000u\000m\000e\000n\000t\000a\000t\000i\000o\000n}{section.4.12}% 162
\BOOKMARK [3][-]{subsubsection.4.12.3.1}{\376\377\0004\000.\0001\0002\000.\0003\000.\0001\000\040\000S\000h\000o\000r\000\050\000b\000o\000o\000l\000\040\000b\000\051}{subsection.4.12.3}% 163
\BOOKMARK [2][-]{subsection.4.12.4}{\376\377\0004\000.\0001\0002\000.\0004\000\040\000M\000e\000m\000b\000e\000r\000\040\000F\000u\000n\000c\000t\000i\000o\000n\000\040\000D\000o\000c\000u\000m\000e\000n\000t\000a\000t\000i\000o\000n}{section.4.12}% 164
\BOOKMARK [3][-]{subsubsection.4.12.4.1}{\376\377\0004\000.\0001\0002\000.\0004\000.\0001\000\040\000e\000n\000c\000o\000d\000e\000\050\000b\000o\000o\000l\000\040\000b\000\051\000\040\000o\000v\000e\000r\000r\000i\000d\000e}{subsection.4.12.4}% 165
\BOOKMARK [3][-]{subsubsection.4.12.4.2}{\376\377\0004\000.\0001\0002\000.\0004\000.\0002\000\040\000g\000e\000t\000C\000S\000\050\000\051\000\040\000o\000v\000e\000r\000r\000i\000d\000e}{subsection.4.12.4}% 166
\BOOKMARK [3][-]{subsubsection.4.12.4.3}{\376\377\0004\000.\0001\0002\000.\0004\000.\0003\000\040\000g\000e\000t\000D\000e\000s\000c\000r\000i\000p\000t\000o\000r\000\050\000\051\000\040\000o\000v\000e\000r\000r\000i\000d\000e}{subsection.4.12.4}% 167
\BOOKMARK [3][-]{subsubsection.4.12.4.4}{\376\377\0004\000.\0001\0002\000.\0004\000.\0004\000\040\000r\000u\000n\000\050\000\051\000\040\000o\000v\000e\000r\000r\000i\000d\000e}{subsection.4.12.4}% 168
\BOOKMARK [2][-]{subsection.4.12.5}{\376\377\0004\000.\0001\0002\000.\0005\000\040\000M\000e\000m\000b\000e\000r\000\040\000D\000a\000t\000a\000\040\000D\000o\000c\000u\000m\000e\000n\000t\000a\000t\000i\000o\000n}{section.4.12}% 169
\BOOKMARK [3][-]{subsubsection.4.12.5.1}{\376\377\0004\000.\0001\0002\000.\0005\000.\0001\000\040\000C\000S}{subsection.4.12.5}% 170
\BOOKMARK [1][-]{section.4.13}{\376\377\0004\000.\0001\0003\000\040\000S\000i\000n\000g\000l\000e\000\040\000C\000l\000a\000s\000s\000\040\000R\000e\000f\000e\000r\000e\000n\000c\000e}{chapter.4}% 171
\BOOKMARK [2][-]{subsection.4.13.1}{\376\377\0004\000.\0001\0003\000.\0001\000\040\000D\000e\000t\000a\000i\000l\000e\000d\000\040\000D\000e\000s\000c\000r\000i\000p\000t\000i\000o\000n}{section.4.13}% 172
\BOOKMARK [2][-]{subsection.4.13.2}{\376\377\0004\000.\0001\0003\000.\0002\000\040\000C\000o\000n\000s\000t\000r\000u\000c\000t\000o\000r\000\040\000\046\000\040\000D\000e\000s\000t\000r\000u\000c\000t\000o\000r\000\040\000D\000o\000c\000u\000m\000e\000n\000t\000a\000t\000i\000o\000n}{section.4.13}% 173
\BOOKMARK [3][-]{subsubsection.4.13.2.1}{\376\377\0004\000.\0001\0003\000.\0002\000.\0001\000\040\000S\000i\000n\000g\000l\000e\000\050\000i\000n\000t\000\040\000t\000y\000p\000e\000,\000\040\000i\000n\000t\000\040\000m\000a\000x\000n\000u\000m\000t\000h\000r\000e\000a\000d\000s\000,\000\040\000E\000r\000r\000o\000r\000\040\000*\000e\000,\000\040\000i\000n\000t\000\040\000n\000\051}{subsection.4.13.2}% 174
\BOOKMARK [2][-]{subsection.4.13.3}{\376\377\0004\000.\0001\0003\000.\0003\000\040\000M\000e\000m\000b\000e\000r\000\040\000F\000u\000n\000c\000t\000i\000o\000n\000\040\000D\000o\000c\000u\000m\000e\000n\000t\000a\000t\000i\000o\000n}{section.4.13}% 175
\BOOKMARK [3][-]{subsubsection.4.13.3.1}{\376\377\0004\000.\0001\0003\000.\0003\000.\0001\000\040\000g\000e\000t\000R\000e\000s\000u\000l\000t\000\050\000\051\000\040\000o\000v\000e\000r\000r\000i\000d\000e}{subsection.4.13.3}% 176
\BOOKMARK [3][-]{subsubsection.4.13.3.2}{\376\377\0004\000.\0001\0003\000.\0003\000.\0002\000\040\000i\000n\000i\000t\000a\000l\000i\000z\000e\000\050\000\051\000\040\000o\000v\000e\000r\000r\000i\000d\000e}{subsection.4.13.3}% 177
\BOOKMARK [1][-]{section.4.14}{\376\377\0004\000.\0001\0004\000\040\000S\000t\000e\000a\000n\000e\000\040\000C\000l\000a\000s\000s\000\040\000R\000e\000f\000e\000r\000e\000n\000c\000e}{chapter.4}% 178
\BOOKMARK [2][-]{subsection.4.14.1}{\376\377\0004\000.\0001\0004\000.\0001\000\040\000D\000e\000t\000a\000i\000l\000e\000d\000\040\000D\000e\000s\000c\000r\000i\000p\000t\000i\000o\000n}{section.4.14}% 179
\BOOKMARK [2][-]{subsection.4.14.2}{\376\377\0004\000.\0001\0004\000.\0002\000\040\000C\000o\000n\000s\000t\000r\000u\000c\000t\000o\000r\000\040\000\046\000\040\000D\000e\000s\000t\000r\000u\000c\000t\000o\000r\000\040\000D\000o\000c\000u\000m\000e\000n\000t\000a\000t\000i\000o\000n}{section.4.14}% 180
\BOOKMARK [3][-]{subsubsection.4.14.2.1}{\376\377\0004\000.\0001\0004\000.\0002\000.\0001\000\040\000S\000t\000e\000a\000n\000e\000\050\000b\000o\000o\000l\000\040\000b\000\051}{subsection.4.14.2}% 181
\BOOKMARK [2][-]{subsection.4.14.3}{\376\377\0004\000.\0001\0004\000.\0003\000\040\000M\000e\000m\000b\000e\000r\000\040\000F\000u\000n\000c\000t\000i\000o\000n\000\040\000D\000o\000c\000u\000m\000e\000n\000t\000a\000t\000i\000o\000n}{section.4.14}% 182
\BOOKMARK [3][-]{subsubsection.4.14.3.1}{\376\377\0004\000.\0001\0004\000.\0003\000.\0001\000\040\000e\000n\000c\000o\000d\000e\000\050\000b\000o\000o\000l\000\040\000b\000\051\000\040\000o\000v\000e\000r\000r\000i\000d\000e}{subsection.4.14.3}% 183
\BOOKMARK [3][-]{subsubsection.4.14.3.2}{\376\377\0004\000.\0001\0004\000.\0003\000.\0002\000\040\000g\000e\000t\000C\000S\000\050\000\051\000\040\000o\000v\000e\000r\000r\000i\000d\000e}{subsection.4.14.3}% 184
\BOOKMARK [3][-]{subsubsection.4.14.3.3}{\376\377\0004\000.\0001\0004\000.\0003\000.\0003\000\040\000g\000e\000t\000D\000e\000s\000c\000r\000i\000p\000t\000o\000r\000\050\000\051\000\040\000o\000v\000e\000r\000r\000i\000d\000e}{subsection.4.14.3}% 185
\BOOKMARK [3][-]{subsubsection.4.14.3.4}{\376\377\0004\000.\0001\0004\000.\0003\000.\0004\000\040\000r\000u\000n\000\050\000\051\000\040\000o\000v\000e\000r\000r\000i\000d\000e}{subsection.4.14.3}% 186
\BOOKMARK [2][-]{subsection.4.14.4}{\376\377\0004\000.\0001\0004\000.\0004\000\040\000M\000e\000m\000b\000e\000r\000\040\000D\000a\000t\000a\000\040\000D\000o\000c\000u\000m\000e\000n\000t\000a\000t\000i\000o\000n}{section.4.14}% 187
\BOOKMARK [3][-]{subsubsection.4.14.4.1}{\376\377\0004\000.\0001\0004\000.\0004\000.\0001\000\040\000C\000S}{subsection.4.14.4}% 188
\BOOKMARK [1][-]{section.4.15}{\376\377\0004\000.\0001\0005\000\040\000T\000e\000s\000t\000\040\000C\000l\000a\000s\000s\000\040\000R\000e\000f\000e\000r\000e\000n\000c\000e}{chapter.4}% 189
\BOOKMARK [2][-]{subsection.4.15.1}{\376\377\0004\000.\0001\0005\000.\0001\000\040\000D\000e\000t\000a\000i\000l\000e\000d\000\040\000D\000e\000s\000c\000r\000i\000p\000t\000i\000o\000n}{section.4.15}% 190
\BOOKMARK [2][-]{subsection.4.15.2}{\376\377\0004\000.\0001\0005\000.\0002\000\040\000C\000o\000n\000s\000t\000r\000u\000c\000t\000o\000r\000\040\000\046\000\040\000D\000e\000s\000t\000r\000u\000c\000t\000o\000r\000\040\000D\000o\000c\000u\000m\000e\000n\000t\000a\000t\000i\000o\000n}{section.4.15}% 191
\BOOKMARK [3][-]{subsubsection.4.15.2.1}{\376\377\0004\000.\0001\0005\000.\0002\000.\0001\000\040\000T\000e\000s\000t\000\050\000i\000n\000t\000\040\000t\000y\000p\000e\000,\000\040\000i\000n\000t\000\040\000m\000a\000x\000n\000u\000m\000t\000h\000r\000e\000a\000d\000s\000\051}{subsection.4.15.2}% 192
\BOOKMARK [2][-]{subsection.4.15.3}{\376\377\0004\000.\0001\0005\000.\0003\000\040\000M\000e\000m\000b\000e\000r\000\040\000F\000u\000n\000c\000t\000i\000o\000n\000\040\000D\000o\000c\000u\000m\000e\000n\000t\000a\000t\000i\000o\000n}{section.4.15}% 193
\BOOKMARK [3][-]{subsubsection.4.15.3.1}{\376\377\0004\000.\0001\0005\000.\0003\000.\0001\000\040\000b\000i\000t\000F\000l\000i\000p\000T\000e\000s\000t\000\050\000b\000o\000o\000l\000\040\000i\000n\000p\000u\000t\000\051}{subsection.4.15.3}% 194
\BOOKMARK [3][-]{subsubsection.4.15.3.2}{\376\377\0004\000.\0001\0005\000.\0003\000.\0002\000\040\000c\000o\000d\000e\0005\000T\000e\000s\000t\000\050\000b\000o\000o\000l\000\040\000i\000n\000p\000u\000t\000\051}{subsection.4.15.3}% 195
\BOOKMARK [3][-]{subsubsection.4.15.3.3}{\376\377\0004\000.\0001\0005\000.\0003\000.\0003\000\040\000g\000e\000t\000R\000e\000s\000u\000l\000t\000\050\000\051\000\040\000o\000v\000e\000r\000r\000i\000d\000e}{subsection.4.15.3}% 196
\BOOKMARK [3][-]{subsubsection.4.15.3.4}{\376\377\0004\000.\0001\0005\000.\0003\000.\0004\000\040\000i\000n\000i\000t\000a\000l\000i\000z\000e\000\050\000\051\000\040\000o\000v\000e\000r\000r\000i\000d\000e}{subsection.4.15.3}% 197
\BOOKMARK [3][-]{subsubsection.4.15.3.5}{\376\377\0004\000.\0001\0005\000.\0003\000.\0005\000\040\000r\000u\000n\000A\000l\000l\000T\000e\000s\000t\000s\000\050\000\051}{subsection.4.15.3}% 198
\BOOKMARK [3][-]{subsubsection.4.15.3.6}{\376\377\0004\000.\0001\0005\000.\0003\000.\0006\000\040\000s\000h\000o\000r\000T\000e\000s\000t\000\050\000b\000o\000o\000l\000\040\000i\000n\000p\000u\000t\000\051}{subsection.4.15.3}% 199
\BOOKMARK [3][-]{subsubsection.4.15.3.7}{\376\377\0004\000.\0001\0005\000.\0003\000.\0007\000\040\000s\000t\000e\000a\000n\000e\000T\000e\000s\000t\000\050\000b\000o\000o\000l\000\040\000i\000n\000p\000u\000t\000\051}{subsection.4.15.3}% 200
\BOOKMARK [3][-]{subsubsection.4.15.3.8}{\376\377\0004\000.\0001\0005\000.\0003\000.\0008\000\040\000t\000e\000s\000t\000M\000i\000x\000e\000d\000\050\000\051}{subsection.4.15.3}% 201
\BOOKMARK [2][-]{subsection.4.15.4}{\376\377\0004\000.\0001\0005\000.\0004\000\040\000M\000e\000m\000b\000e\000r\000\040\000D\000a\000t\000a\000\040\000D\000o\000c\000u\000m\000e\000n\000t\000a\000t\000i\000o\000n}{section.4.15}% 202
\BOOKMARK [3][-]{subsubsection.4.15.4.1}{\376\377\0004\000.\0001\0005\000.\0004\000.\0001\000\040\000b\000i\000t\000f\000l\000i\000p\000r\000u\000n\000s}{subsection.4.15.4}% 203
\BOOKMARK [3][-]{subsubsection.4.15.4.2}{\376\377\0004\000.\0001\0005\000.\0004\000.\0002\000\040\000c\000o\000d\000e\0005\000r\000u\000n\000s}{subsection.4.15.4}% 204
\BOOKMARK [3][-]{subsubsection.4.15.4.3}{\376\377\0004\000.\0001\0005\000.\0004\000.\0003\000\040\000s\000h\000o\000r\000r\000u\000n\000s}{subsection.4.15.4}% 205
\BOOKMARK [3][-]{subsubsection.4.15.4.4}{\376\377\0004\000.\0001\0005\000.\0004\000.\0004\000\040\000s\000t\000e\000a\000n\000e\000r\000u\000n\000s}{subsection.4.15.4}% 206
\BOOKMARK [0][-]{chapter.5}{\376\377\0005\000\040\000F\000i\000l\000e\000\040\000D\000o\000c\000u\000m\000e\000n\000t\000a\000t\000i\000o\000n}{}% 207
\BOOKMARK [1][-]{section.5.1}{\376\377\0005\000.\0001\000\040\000/\000h\000o\000m\000e\000/\000a\000t\000t\000i\000l\000a\000/\000s\000r\000c\000/\000q\000e\000c\000c\000-\000n\000e\000t\000b\000e\000a\000n\000s\000/\000q\000e\000c\000c\000/\000.\000d\000e\000p\000.\000i\000n\000c\000\040\000F\000i\000l\000e\000\040\000R\000e\000f\000e\000r\000e\000n\000c\000e}{chapter.5}% 208
\BOOKMARK [1][-]{section.5.2}{\376\377\0005\000.\0002\000\040\000/\000h\000o\000m\000e\000/\000a\000t\000t\000i\000l\000a\000/\000s\000r\000c\000/\000q\000e\000c\000c\000-\000n\000e\000t\000b\000e\000a\000n\000s\000/\000q\000e\000c\000c\000/\000A\000a\000d\0004\000.\000c\000p\000p\000\040\000F\000i\000l\000e\000\040\000R\000e\000f\000e\000r\000e\000n\000c\000e}{chapter.5}% 209
\BOOKMARK [1][-]{section.5.3}{\376\377\0005\000.\0003\000\040\000/\000h\000o\000m\000e\000/\000a\000t\000t\000i\000l\000a\000/\000s\000r\000c\000/\000q\000e\000c\000c\000-\000n\000e\000t\000b\000e\000a\000n\000s\000/\000q\000e\000c\000c\000/\000A\000a\000d\0004\000.\000h\000\040\000F\000i\000l\000e\000\040\000R\000e\000f\000e\000r\000e\000n\000c\000e}{chapter.5}% 210
\BOOKMARK [1][-]{section.5.4}{\376\377\0005\000.\0004\000\040\000/\000h\000o\000m\000e\000/\000a\000t\000t\000i\000l\000a\000/\000s\000r\000c\000/\000q\000e\000c\000c\000-\000n\000e\000t\000b\000e\000a\000n\000s\000/\000q\000e\000c\000c\000/\000B\000i\000t\000F\000l\000i\000p\000.\000c\000p\000p\000\040\000F\000i\000l\000e\000\040\000R\000e\000f\000e\000r\000e\000n\000c\000e}{chapter.5}% 211
\BOOKMARK [1][-]{section.5.5}{\376\377\0005\000.\0005\000\040\000/\000h\000o\000m\000e\000/\000a\000t\000t\000i\000l\000a\000/\000s\000r\000c\000/\000q\000e\000c\000c\000-\000n\000e\000t\000b\000e\000a\000n\000s\000/\000q\000e\000c\000c\000/\000B\000i\000t\000F\000l\000i\000p\000.\000h\000\040\000F\000i\000l\000e\000\040\000R\000e\000f\000e\000r\000e\000n\000c\000e}{chapter.5}% 212
\BOOKMARK [1][-]{section.5.6}{\376\377\0005\000.\0006\000\040\000/\000h\000o\000m\000e\000/\000a\000t\000t\000i\000l\000a\000/\000s\000r\000c\000/\000q\000e\000c\000c\000-\000n\000e\000t\000b\000e\000a\000n\000s\000/\000q\000e\000c\000c\000/\000C\000h\000a\000n\000n\000e\000l\000.\000c\000p\000p\000\040\000F\000i\000l\000e\000\040\000R\000e\000f\000e\000r\000e\000n\000c\000e}{chapter.5}% 213
\BOOKMARK [1][-]{section.5.7}{\376\377\0005\000.\0007\000\040\000/\000h\000o\000m\000e\000/\000a\000t\000t\000i\000l\000a\000/\000s\000r\000c\000/\000q\000e\000c\000c\000-\000n\000e\000t\000b\000e\000a\000n\000s\000/\000q\000e\000c\000c\000/\000C\000h\000a\000n\000n\000e\000l\000.\000h\000\040\000F\000i\000l\000e\000\040\000R\000e\000f\000e\000r\000e\000n\000c\000e}{chapter.5}% 214
\BOOKMARK [1][-]{section.5.8}{\376\377\0005\000.\0008\000\040\000/\000h\000o\000m\000e\000/\000a\000t\000t\000i\000l\000a\000/\000s\000r\000c\000/\000q\000e\000c\000c\000-\000n\000e\000t\000b\000e\000a\000n\000s\000/\000q\000e\000c\000c\000/\000C\000o\000d\000e\000.\000c\000p\000p\000\040\000F\000i\000l\000e\000\040\000R\000e\000f\000e\000r\000e\000n\000c\000e}{chapter.5}% 215
\BOOKMARK [1][-]{section.5.9}{\376\377\0005\000.\0009\000\040\000/\000h\000o\000m\000e\000/\000a\000t\000t\000i\000l\000a\000/\000s\000r\000c\000/\000q\000e\000c\000c\000-\000n\000e\000t\000b\000e\000a\000n\000s\000/\000q\000e\000c\000c\000/\000C\000o\000d\000e\000.\000h\000\040\000F\000i\000l\000e\000\040\000R\000e\000f\000e\000r\000e\000n\000c\000e}{chapter.5}% 216
\BOOKMARK [1][-]{section.5.10}{\376\377\0005\000.\0001\0000\000\040\000/\000h\000o\000m\000e\000/\000a\000t\000t\000i\000l\000a\000/\000s\000r\000c\000/\000q\000e\000c\000c\000-\000n\000e\000t\000b\000e\000a\000n\000s\000/\000q\000e\000c\000c\000/\000C\000o\000d\000e\0005\000.\000c\000p\000p\000\040\000F\000i\000l\000e\000\040\000R\000e\000f\000e\000r\000e\000n\000c\000e}{chapter.5}% 217
\BOOKMARK [1][-]{section.5.11}{\376\377\0005\000.\0001\0001\000\040\000/\000h\000o\000m\000e\000/\000a\000t\000t\000i\000l\000a\000/\000s\000r\000c\000/\000q\000e\000c\000c\000-\000n\000e\000t\000b\000e\000a\000n\000s\000/\000q\000e\000c\000c\000/\000C\000o\000d\000e\0005\000.\000h\000\040\000F\000i\000l\000e\000\040\000R\000e\000f\000e\000r\000e\000n\000c\000e}{chapter.5}% 218
\BOOKMARK [1][-]{section.5.12}{\376\377\0005\000.\0001\0002\000\040\000/\000h\000o\000m\000e\000/\000a\000t\000t\000i\000l\000a\000/\000s\000r\000c\000/\000q\000e\000c\000c\000-\000n\000e\000t\000b\000e\000a\000n\000s\000/\000q\000e\000c\000c\000/\000E\000r\000r\000o\000r\000.\000c\000p\000p\000\040\000F\000i\000l\000e\000\040\000R\000e\000f\000e\000r\000e\000n\000c\000e}{chapter.5}% 219
\BOOKMARK [1][-]{section.5.13}{\376\377\0005\000.\0001\0003\000\040\000/\000h\000o\000m\000e\000/\000a\000t\000t\000i\000l\000a\000/\000s\000r\000c\000/\000q\000e\000c\000c\000-\000n\000e\000t\000b\000e\000a\000n\000s\000/\000q\000e\000c\000c\000/\000E\000r\000r\000o\000r\000.\000h\000\040\000F\000i\000l\000e\000\040\000R\000e\000f\000e\000r\000e\000n\000c\000e}{chapter.5}% 220
\BOOKMARK [1][-]{section.5.14}{\376\377\0005\000.\0001\0004\000\040\000/\000h\000o\000m\000e\000/\000a\000t\000t\000i\000l\000a\000/\000s\000r\000c\000/\000q\000e\000c\000c\000-\000n\000e\000t\000b\000e\000a\000n\000s\000/\000q\000e\000c\000c\000/\000N\000e\000t\000w\000o\000r\000k\000.\000c\000p\000p\000\040\000F\000i\000l\000e\000\040\000R\000e\000f\000e\000r\000e\000n\000c\000e}{chapter.5}% 221
\BOOKMARK [1][-]{section.5.15}{\376\377\0005\000.\0001\0005\000\040\000/\000h\000o\000m\000e\000/\000a\000t\000t\000i\000l\000a\000/\000s\000r\000c\000/\000q\000e\000c\000c\000-\000n\000e\000t\000b\000e\000a\000n\000s\000/\000q\000e\000c\000c\000/\000N\000e\000t\000w\000o\000r\000k\000.\000h\000\040\000F\000i\000l\000e\000\040\000R\000e\000f\000e\000r\000e\000n\000c\000e}{chapter.5}% 222
\BOOKMARK [1][-]{section.5.16}{\376\377\0005\000.\0001\0006\000\040\000/\000h\000o\000m\000e\000/\000a\000t\000t\000i\000l\000a\000/\000s\000r\000c\000/\000q\000e\000c\000c\000-\000n\000e\000t\000b\000e\000a\000n\000s\000/\000q\000e\000c\000c\000/\000N\000o\000d\000e\000.\000c\000p\000p\000\040\000F\000i\000l\000e\000\040\000R\000e\000f\000e\000r\000e\000n\000c\000e}{chapter.5}% 223
\BOOKMARK [1][-]{section.5.17}{\376\377\0005\000.\0001\0007\000\040\000/\000h\000o\000m\000e\000/\000a\000t\000t\000i\000l\000a\000/\000s\000r\000c\000/\000q\000e\000c\000c\000-\000n\000e\000t\000b\000e\000a\000n\000s\000/\000q\000e\000c\000c\000/\000N\000o\000d\000e\000.\000h\000\040\000F\000i\000l\000e\000\040\000R\000e\000f\000e\000r\000e\000n\000c\000e}{chapter.5}% 224
\BOOKMARK [1][-]{section.5.18}{\376\377\0005\000.\0001\0008\000\040\000/\000h\000o\000m\000e\000/\000a\000t\000t\000i\000l\000a\000/\000s\000r\000c\000/\000q\000e\000c\000c\000-\000n\000e\000t\000b\000e\000a\000n\000s\000/\000q\000e\000c\000c\000/\000N\000o\000n\000e\000.\000c\000p\000p\000\040\000F\000i\000l\000e\000\040\000R\000e\000f\000e\000r\000e\000n\000c\000e}{chapter.5}% 225
\BOOKMARK [1][-]{section.5.19}{\376\377\0005\000.\0001\0009\000\040\000/\000h\000o\000m\000e\000/\000a\000t\000t\000i\000l\000a\000/\000s\000r\000c\000/\000q\000e\000c\000c\000-\000n\000e\000t\000b\000e\000a\000n\000s\000/\000q\000e\000c\000c\000/\000N\000o\000n\000e\000.\000h\000\040\000F\000i\000l\000e\000\040\000R\000e\000f\000e\000r\000e\000n\000c\000e}{chapter.5}% 226
\BOOKMARK [1][-]{section.5.20}{\376\377\0005\000.\0002\0000\000\040\000/\000h\000o\000m\000e\000/\000a\000t\000t\000i\000l\000a\000/\000s\000r\000c\000/\000q\000e\000c\000c\000-\000n\000e\000t\000b\000e\000a\000n\000s\000/\000q\000e\000c\000c\000/\000q\000e\000c\000c\000.\000c\000p\000p\000\040\000F\000i\000l\000e\000\040\000R\000e\000f\000e\000r\000e\000n\000c\000e}{chapter.5}% 227
\BOOKMARK [2][-]{subsection.5.20.1}{\376\377\0005\000.\0002\0000\000.\0001\000\040\000F\000u\000n\000c\000t\000i\000o\000n\000\040\000D\000o\000c\000u\000m\000e\000n\000t\000a\000t\000i\000o\000n}{section.5.20}% 228
\BOOKMARK [3][-]{subsubsection.5.20.1.1}{\376\377\0005\000.\0002\0000\000.\0001\000.\0001\000\040\000m\000a\000i\000n\000\050\000i\000n\000t\000\040\000a\000r\000g\000c\000,\000\040\000c\000h\000a\000r\000\040\000*\000*\000a\000r\000g\000v\000\051}{subsection.5.20.1}% 229
\BOOKMARK [3][-]{subsubsection.5.20.1.2}{\376\377\0005\000.\0002\0000\000.\0001\000.\0002\000\040\000p\000r\000i\000n\000t\000H\000e\000l\000p\000\050\000\051}{subsection.5.20.1}% 230
\BOOKMARK [2][-]{subsection.5.20.2}{\376\377\0005\000.\0002\0000\000.\0002\000\040\000V\000a\000r\000i\000a\000b\000l\000e\000\040\000D\000o\000c\000u\000m\000e\000n\000t\000a\000t\000i\000o\000n}{section.5.20}% 231
\BOOKMARK [3][-]{subsubsection.5.20.2.1}{\376\377\0005\000.\0002\0000\000.\0002\000.\0001\000\040\000e\000r\000r\000R\000u\000n}{subsection.5.20.2}% 232
\BOOKMARK [3][-]{subsubsection.5.20.2.2}{\376\377\0005\000.\0002\0000\000.\0002\000.\0002\000\040\000n\000u\000m\000t\000h\000r\000e\000a\000d\000s}{subsection.5.20.2}% 233
\BOOKMARK [1][-]{section.5.21}{\376\377\0005\000.\0002\0001\000\040\000/\000h\000o\000m\000e\000/\000a\000t\000t\000i\000l\000a\000/\000s\000r\000c\000/\000q\000e\000c\000c\000-\000n\000e\000t\000b\000e\000a\000n\000s\000/\000q\000e\000c\000c\000/\000R\000u\000n\000a\000b\000l\000e\000.\000c\000p\000p\000\040\000F\000i\000l\000e\000\040\000R\000e\000f\000e\000r\000e\000n\000c\000e}{chapter.5}% 234
\BOOKMARK [1][-]{section.5.22}{\376\377\0005\000.\0002\0002\000\040\000/\000h\000o\000m\000e\000/\000a\000t\000t\000i\000l\000a\000/\000s\000r\000c\000/\000q\000e\000c\000c\000-\000n\000e\000t\000b\000e\000a\000n\000s\000/\000q\000e\000c\000c\000/\000R\000u\000n\000a\000b\000l\000e\000.\000h\000\040\000F\000i\000l\000e\000\040\000R\000e\000f\000e\000r\000e\000n\000c\000e}{chapter.5}% 235
\BOOKMARK [1][-]{section.5.23}{\376\377\0005\000.\0002\0003\000\040\000/\000h\000o\000m\000e\000/\000a\000t\000t\000i\000l\000a\000/\000s\000r\000c\000/\000q\000e\000c\000c\000-\000n\000e\000t\000b\000e\000a\000n\000s\000/\000q\000e\000c\000c\000/\000R\000u\000n\000n\000e\000r\000.\000c\000p\000p\000\040\000F\000i\000l\000e\000\040\000R\000e\000f\000e\000r\000e\000n\000c\000e}{chapter.5}% 236
\BOOKMARK [2][-]{subsection.5.23.1}{\376\377\0005\000.\0002\0003\000.\0001\000\040\000F\000u\000n\000c\000t\000i\000o\000n\000\040\000D\000o\000c\000u\000m\000e\000n\000t\000a\000t\000i\000o\000n}{section.5.23}% 237
\BOOKMARK [3][-]{subsubsection.5.23.1.1}{\376\377\0005\000.\0002\0003\000.\0001\000.\0001\000\040\000r\000u\000n\000C\000o\000d\000e\000\050\000v\000o\000i\000d\000\040\000*\000c\000\051}{subsection.5.23.1}% 238
\BOOKMARK [1][-]{section.5.24}{\376\377\0005\000.\0002\0004\000\040\000/\000h\000o\000m\000e\000/\000a\000t\000t\000i\000l\000a\000/\000s\000r\000c\000/\000q\000e\000c\000c\000-\000n\000e\000t\000b\000e\000a\000n\000s\000/\000q\000e\000c\000c\000/\000R\000u\000n\000n\000e\000r\000.\000h\000\040\000F\000i\000l\000e\000\040\000R\000e\000f\000e\000r\000e\000n\000c\000e}{chapter.5}% 239
\BOOKMARK [2][-]{subsection.5.24.1}{\376\377\0005\000.\0002\0004\000.\0001\000\040\000F\000u\000n\000c\000t\000i\000o\000n\000\040\000D\000o\000c\000u\000m\000e\000n\000t\000a\000t\000i\000o\000n}{section.5.24}% 240
\BOOKMARK [3][-]{subsubsection.5.24.1.1}{\376\377\0005\000.\0002\0004\000.\0001\000.\0001\000\040\000r\000u\000n\000C\000o\000d\000e\000\050\000v\000o\000i\000d\000\040\000*\000c\000\051}{subsection.5.24.1}% 241
\BOOKMARK [1][-]{section.5.25}{\376\377\0005\000.\0002\0005\000\040\000/\000h\000o\000m\000e\000/\000a\000t\000t\000i\000l\000a\000/\000s\000r\000c\000/\000q\000e\000c\000c\000-\000n\000e\000t\000b\000e\000a\000n\000s\000/\000q\000e\000c\000c\000/\000S\000h\000o\000r\000.\000c\000p\000p\000\040\000F\000i\000l\000e\000\040\000R\000e\000f\000e\000r\000e\000n\000c\000e}{chapter.5}% 242
\BOOKMARK [1][-]{section.5.26}{\376\377\0005\000.\0002\0006\000\040\000/\000h\000o\000m\000e\000/\000a\000t\000t\000i\000l\000a\000/\000s\000r\000c\000/\000q\000e\000c\000c\000-\000n\000e\000t\000b\000e\000a\000n\000s\000/\000q\000e\000c\000c\000/\000S\000h\000o\000r\000.\000h\000\040\000F\000i\000l\000e\000\040\000R\000e\000f\000e\000r\000e\000n\000c\000e}{chapter.5}% 243
\BOOKMARK [1][-]{section.5.27}{\376\377\0005\000.\0002\0007\000\040\000/\000h\000o\000m\000e\000/\000a\000t\000t\000i\000l\000a\000/\000s\000r\000c\000/\000q\000e\000c\000c\000-\000n\000e\000t\000b\000e\000a\000n\000s\000/\000q\000e\000c\000c\000/\000S\000i\000n\000g\000l\000e\000.\000c\000p\000p\000\040\000F\000i\000l\000e\000\040\000R\000e\000f\000e\000r\000e\000n\000c\000e}{chapter.5}% 244
\BOOKMARK [1][-]{section.5.28}{\376\377\0005\000.\0002\0008\000\040\000/\000h\000o\000m\000e\000/\000a\000t\000t\000i\000l\000a\000/\000s\000r\000c\000/\000q\000e\000c\000c\000-\000n\000e\000t\000b\000e\000a\000n\000s\000/\000q\000e\000c\000c\000/\000S\000i\000n\000g\000l\000e\000.\000h\000\040\000F\000i\000l\000e\000\040\000R\000e\000f\000e\000r\000e\000n\000c\000e}{chapter.5}% 245
\BOOKMARK [1][-]{section.5.29}{\376\377\0005\000.\0002\0009\000\040\000/\000h\000o\000m\000e\000/\000a\000t\000t\000i\000l\000a\000/\000s\000r\000c\000/\000q\000e\000c\000c\000-\000n\000e\000t\000b\000e\000a\000n\000s\000/\000q\000e\000c\000c\000/\000S\000t\000e\000a\000n\000e\000.\000c\000p\000p\000\040\000F\000i\000l\000e\000\040\000R\000e\000f\000e\000r\000e\000n\000c\000e}{chapter.5}% 246
\BOOKMARK [1][-]{section.5.30}{\376\377\0005\000.\0003\0000\000\040\000/\000h\000o\000m\000e\000/\000a\000t\000t\000i\000l\000a\000/\000s\000r\000c\000/\000q\000e\000c\000c\000-\000n\000e\000t\000b\000e\000a\000n\000s\000/\000q\000e\000c\000c\000/\000S\000t\000e\000a\000n\000e\000.\000h\000\040\000F\000i\000l\000e\000\040\000R\000e\000f\000e\000r\000e\000n\000c\000e}{chapter.5}% 247
\BOOKMARK [1][-]{section.5.31}{\376\377\0005\000.\0003\0001\000\040\000/\000h\000o\000m\000e\000/\000a\000t\000t\000i\000l\000a\000/\000s\000r\000c\000/\000q\000e\000c\000c\000-\000n\000e\000t\000b\000e\000a\000n\000s\000/\000q\000e\000c\000c\000/\000T\000e\000s\000t\000.\000c\000p\000p\000\040\000F\000i\000l\000e\000\040\000R\000e\000f\000e\000r\000e\000n\000c\000e}{chapter.5}% 248
\BOOKMARK [1][-]{section.5.32}{\376\377\0005\000.\0003\0002\000\040\000/\000h\000o\000m\000e\000/\000a\000t\000t\000i\000l\000a\000/\000s\000r\000c\000/\000q\000e\000c\000c\000-\000n\000e\000t\000b\000e\000a\000n\000s\000/\000q\000e\000c\000c\000/\000T\000e\000s\000t\000.\000h\000\040\000F\000i\000l\000e\000\040\000R\000e\000f\000e\000r\000e\000n\000c\000e}{chapter.5}% 249
\BOOKMARK [0][-]{section*.78}{\376\377\000I\000n\000d\000e\000x}{}% 250
